<?xml version="1.0" encoding="UTF-8"?>
<!-- Generated by org.testng.reporters.JUnitReportReporter -->
<testsuite hostname="Vasu" failures="0" tests="3" name="testNG.GetfromXLchild" time="44.523" errors="0" timestamp="2024-03-20T11:23:55 IST" skipped="0">
  <testcase classname="testNG.GetfromXLchild" name="CreateEmployee" time="17.213"/>
  <testcase classname="testNG.GetfromXLchild" name="EditEmployee" time="14.170"/>
  <testcase classname="testNG.GetfromXLchild" name="DeleteEmployee" time="13.140"/>
</testsuite> <!-- testNG.GetfromXLchild -->
