<?xml version="1.0" encoding="UTF-8"?>
<!-- Generated by org.testng.reporters.JUnitReportReporter -->
<testsuite hostname="Vasu" failures="0" tests="3" name="testNG.GetfromXL" time="43.412" errors="0" timestamp="2024-03-19T18:13:54 IST" skipped="0">
  <testcase classname="testNG.GetfromXL" name="CreateEmployee" time="15.448"/>
  <testcase classname="testNG.GetfromXL" name="EditEmployee" time="15.263"/>
  <testcase classname="testNG.GetfromXL" name="DeleteEmployee" time="12.701"/>
</testsuite> <!-- testNG.GetfromXL -->
