<?xml version="1.0" encoding="UTF-8"?>
<!-- Generated by org.testng.reporters.JUnitReportReporter -->
<testsuite hostname="SQHANAQ11CLOUD" failures="0" tests="1" name="Selenium.BrowserLauncher" time="3.365" errors="0" timestamp="2025-06-24T16:02:50 IST" skipped="0">
  <testcase classname="Selenium.BrowserLauncher" name="launch" time="3.365"/>
  <system-out/>
</testsuite> <!-- Selenium.BrowserLauncher -->
